[debug] [2019-05-19T14:17:03.823Z] ----------------------------------------------------------------------
[debug] [2019-05-19T14:17:03.826Z] Command:       /usr/local/Cellar/node/12.1.0/bin/node /usr/local/bin/firebase init
[debug] [2019-05-19T14:17:03.826Z] CLI Version:   6.7.2
[debug] [2019-05-19T14:17:03.826Z] Platform:      darwin
[debug] [2019-05-19T14:17:03.826Z] Node Version:  v12.1.0
[debug] [2019-05-19T14:17:03.828Z] Time:          Sun May 19 2019 16:17:03 GMT+0200 (Mitteleuropäische Sommerzeit)
[debug] [2019-05-19T14:17:03.828Z] ----------------------------------------------------------------------
[debug] 
[debug] [2019-05-19T14:17:03.837Z] > command requires scopes: ["email","openid","https://www.googleapis.com/auth/cloudplatformprojects.readonly","https://www.googleapis.com/auth/firebase","https://www.googleapis.com/auth/cloud-platform"]
[debug] [2019-05-19T14:17:03.837Z] > authorizing via signed-in user
[info] 
     ######## #### ########  ######## ########     ###     ######  ########
     ##        ##  ##     ## ##       ##     ##  ##   ##  ##       ##
     ######    ##  ########  ######   ########  #########  ######  ######
     ##        ##  ##    ##  ##       ##     ## ##     ##       ## ##
     ##       #### ##     ## ######## ########  ##     ##  ######  ########

You're about to initialize a Firebase project in this directory:

  /Users/lisahezel/Documents/GitHub/Polybeasts2

[info] 
=== Project Setup
[info] 
[info] First, let's associate this project directory with a Firebase project.
[info] You can create multiple project aliases by running firebase use --add, 
[info] but for now we'll just set up a default project.
[info] 
[debug] [2019-05-19T14:17:08.424Z] > refreshing access token with scopes: ["email","https://www.googleapis.com/auth/cloud-platform","https://www.googleapis.com/auth/cloudplatformprojects.readonly","https://www.googleapis.com/auth/firebase","openid"]
[debug] [2019-05-19T14:17:08.424Z] >>> HTTP REQUEST POST https://www.googleapis.com/oauth2/v3/token  
 <request body omitted>
[debug] [2019-05-19T14:17:08.604Z] <<< HTTP RESPONSE 200
[debug] [2019-05-19T14:17:08.618Z] >>> HTTP REQUEST GET https://firebase.googleapis.com/v1beta1/projects?page_size=100  
 
[debug] [2019-05-19T14:17:09.086Z] <<< HTTP RESPONSE 200
[info] i  Using project poly-beasts (poly-beasts)
[info] 
=== Hosting Setup
[info] 
[info] Your public directory is the folder (relative to your project directory) that
[info] will contain Hosting assets to be uploaded with firebase deploy. If you
[info] have a build process for your assets, use your build's output directory.
[info] 
[info] ✔  Wrote public/404.html
[debug] [2019-05-19T14:17:42.754Z] >>> HTTP REQUEST GET https://www.gstatic.com/firebasejs/releases.json  
 
[debug] [2019-05-19T14:17:42.960Z] <<< HTTP RESPONSE 200
